2025-11-23 03:01:54Z - INFO - ================================================================================
2025-11-23 03:01:54Z - INFO - 🚀 DAEMON MODE STARTED
2025-11-23 03:01:54Z - INFO -    Model: model.pkl
2025-11-23 03:01:54Z - INFO -    Features: features.json
2025-11-23 03:01:54Z - INFO -    Topic ID: 67
2025-11-23 03:01:54Z - INFO -    Submission Interval: 3600s (1.0h)
2025-11-23 03:01:54Z - INFO -    Competition End: 2025-12-15T00:00:00+00:00
2025-11-23 03:01:54Z - INFO -    Current Time: 2025-11-23T03:01:54.592296+00:00
2025-11-23 03:01:54Z - INFO - ================================================================================
2025-11-23 03:01:54Z - INFO - 💓 HEARTBEAT - Daemon alive at 2025-11-23T03:01:54.592586+00:00
2025-11-23 03:01:54Z - INFO - 
================================================================================
2025-11-23 03:01:54Z - INFO - SUBMISSION CYCLE #1 - 2025-11-23T03:01:54.592586+00:00
2025-11-23 03:01:54Z - INFO - ================================================================================
2025-11-23 03:01:54Z - INFO - ✅ Loaded 10 feature columns
/workspaces/allora-forge-builder-kit/submit_prediction.py:220: UserWarning: [03:01:55] WARNING: /workspace/src/collective/../data/../common/error_msg.h:83: If you are loading a serialized model (like pickle in Python, RDS in R) or
configuration generated by an older version of XGBoost, please export the model by calling
`Booster.save_model` from that version first, then load it back in current version. See:

    https://xgboost.readthedocs.io/en/stable/tutorials/saving_model.html

for more details about differences between saving model and serializing.

  model = pickle.load(f)
2025-11-23 03:01:55Z - INFO - ✅ Model loaded from model.pkl
2025-11-23 03:01:55Z - INFO - ✅ Model is fitted with n_features_in_=10
2025-11-23 03:01:55Z - INFO - ✅ Model test prediction passed: -0.01262753
2025-11-23 03:01:55Z - INFO - Fetching latest 168h BTC/USD data from Tiingo...
2025-11-23 03:01:55Z - INFO - Fetched 84 latest rows from Tiingo
2025-11-23 03:01:55Z - INFO - Predicted 168h log-return: -0.03813570
2025-11-23 03:01:56Z - WARNING - All unfulfilled nonces already submitted by this worker
2025-11-23 03:01:56Z - WARNING - No unfulfilled nonce available, skipping submission
2025-11-23 03:01:56Z - INFO - ⚠️  Submission status: skipped or failed (may be no unfulfilled nonce)
2025-11-23 03:01:56Z - WARNING - ⚠️  Submission cycle completed without successful submission (may be skipped/no nonce)
2025-11-23 03:01:56Z - INFO - Sleeping for 3600s until next submission cycle...
2025-11-23 03:09:50Z - WARNING - Received signal SIGTERM (15), initiating graceful shutdown...
